<?xml version="1.0" encoding="UTF-8"?>
<testsuite xmlns:xsi="http://www.w3.org/2001/XMLSchema-instance" xsi:noNamespaceSchemaLocation="https://maven.apache.org/surefire/maven-failsafe-plugin/xsd/failsafe-test-report-3.0.xsd" version="3.0" name="no.kristiania.exam.tsdes.selenium.SeleniumLocalIT" time="53.573" tests="6" errors="0" skipped="0" failures="0">
  <properties>
[...]
</properties>
  <testcase name="testDisplayHomePage" classname="no.kristiania.exam.tsdes.selenium.SeleniumLocalIT" time="1.455"/>
  <testcase name="testBuyLootBox" classname="no.kristiania.exam.tsdes.selenium.SeleniumLocalIT" time="5.376"/>
  <testcase name="testMillItem" classname="no.kristiania.exam.tsdes.selenium.SeleniumLocalIT" time="8.484"/>
  <testcase name="testEmptyCollection" classname="no.kristiania.exam.tsdes.selenium.SeleniumLocalIT" time="3.879"/>
  <testcase name="testFailedRedeemLootBox" classname="no.kristiania.exam.tsdes.selenium.SeleniumLocalIT" time="6.603"/>
  <testcase name="testRedeemLootBox" classname="no.kristiania.exam.tsdes.selenium.SeleniumLocalIT" time="4.553"/>
</testsuite>